# JRE version: OpenJDK Runtime Environment (8.0_76-b03) (build 1.8.0_76-release-b03)
# Java VM: OpenJDK 64-Bit Server VM (25.76-b03 mixed mode windows-amd64 compressed oops)
Heap:
 PSYoungGen      total 329728K, used 91216K [0x00000000e0000000, 0x00000000fdd00000, 0x0000000100000000)
  eden space 288256K, 31% used [0x00000000e0000000,0x00000000e5914268,0x00000000f1980000)
  from space 41472K, 0% used [0x00000000f1980000,0x00000000f1980000,0x00000000f4200000)
  to   space 58368K, 0% used [0x00000000fa400000,0x00000000fa400000,0x00000000fdd00000)
 ParOldGen       total 116736K, used 116166K [0x00000000a0000000, 0x00000000a7200000, 0x00000000e0000000)
  object space 116736K, 99% used [0x00000000a0000000,0x00000000a7171828,0x00000000a7200000)
 Metaspace       used 74991K, capacity 78288K, committed 78592K, reserved 1118208K
  class space    used 9509K, capacity 10182K, committed 10240K, reserved 1048576K
GC Heap History (10 events):
Event: 819.817 GC heap before
{Heap before GC invocations=25 (full 6):
 PSYoungGen      total 329728K, used 312983K [0x00000000e0000000, 0x00000000fdd00000, 0x0000000100000000)
  eden space 288256K, 100% used [0x00000000e0000000,0x00000000f1980000,0x00000000f1980000)
  from space 41472K, 59% used [0x00000000f1980000,0x00000000f31a5c10,0x00000000f4200000)
  to   space 58368K, 0% used [0x00000000fa400000,0x00000000fa400000,0x00000000fdd00000)
 ParOldGen       total 116736K, used 116442K [0x00000000a0000000, 0x00000000a7200000, 0x00000000e0000000)
  object space 116736K, 99% used [0x00000000a0000000,0x00000000a71b6820,0x00000000a7200000)
 Metaspace       used 74866K, capacity 78160K, committed 78336K, reserved 1118208K
  class space    used 9508K, capacity 10182K, committed 10240K, reserved 1048576K
Event: 820.607 GC heap after
Heap after GC invocations=25 (full 6):
 PSYoungGen      total 329728K, used 28401K [0x00000000e0000000, 0x00000000fdd00000, 0x0000000100000000)
  eden space 288256K, 9% used [0x00000000e0000000,0x00000000e1bbc518,0x00000000f1980000)
  from space 41472K, 0% used [0x00000000f1980000,0x00000000f1980000,0x00000000f4200000)
  to   space 58368K, 0% used [0x00000000fa400000,0x00000000fa400000,0x00000000fdd00000)
 ParOldGen       total 116736K, used 116642K [0x00000000a0000000, 0x00000000a7200000, 0x00000000e0000000)
  object space 116736K, 99% used [0x00000000a0000000,0x00000000a71e8b00,0x00000000a7200000)
 Metaspace       used 74866K, capacity 78160K, committed 78336K, reserved 1118208K
  class space    used 9508K, capacity 10182K, committed 10240K, reserved 1048576K
}
Event: 821.824 GC heap before
{Heap before GC invocations=26 (full 7):
 PSYoungGen      total 329728K, used 288256K [0x00000000e0000000, 0x00000000fdd00000, 0x0000000100000000)
  eden space 288256K, 100% used [0x00000000e0000000,0x00000000f1980000,0x00000000f1980000)
  from space 41472K, 0% used [0x00000000f1980000,0x00000000f1980000,0x00000000f4200000)
  to   space 58368K, 0% used [0x00000000fa400000,0x00000000fa400000,0x00000000fdd00000)
 ParOldGen       total 116736K, used 116642K [0x00000000a0000000, 0x00000000a7200000, 0x00000000e0000000)
  object space 116736K, 99% used [0x00000000a0000000,0x00000000a71e8b00,0x00000000a7200000)
 Metaspace       used 74923K, capacity 78224K, committed 78336K, reserved 1118208K
  class space    used 9509K, capacity 10182K, committed 10240K, reserved 1048576K
Event: 822.850 GC heap after
Heap after GC invocations=26 (full 7):
 PSYoungGen      total 329728K, used 24601K [0x00000000e0000000, 0x00000000fdd00000, 0x0000000100000000)
  eden space 288256K, 8% used [0x00000000e0000000,0x00000000e18067a8,0x00000000f1980000)
  from space 41472K, 0% used [0x00000000f1980000,0x00000000f1980000,0x00000000f4200000)
  to   space 58368K, 0% used [0x00000000fa400000,0x00000000fa400000,0x00000000fdd00000)
 ParOldGen       total 116736K, used 116671K [0x00000000a0000000, 0x00000000a7200000, 0x00000000e0000000)
  object space 116736K, 99% used [0x00000000a0000000,0x00000000a71efc30,0x00000000a7200000)
 Metaspace       used 74923K, capacity 78224K, committed 78336K, reserved 1118208K
  class space    used 9509K, capacity 10182K, committed 10240K, reserved 1048576K
}
Event: 823.985 GC heap before
{Heap before GC invocations=27 (full 8):
 PSYoungGen      total 329728K, used 288256K [0x00000000e0000000, 0x00000000fdd00000, 0x0000000100000000)
  eden space 288256K, 100% used [0x00000000e0000000,0x00000000f1980000,0x00000000f1980000)
  from space 41472K, 0% used [0x00000000f1980000,0x00000000f1980000,0x00000000f4200000)
  to   space 58368K, 0% used [0x00000000fa400000,0x00000000fa400000,0x00000000fdd00000)
 ParOldGen       total 116736K, used 116671K [0x00000000a0000000, 0x00000000a7200000, 0x00000000e0000000)
  object space 116736K, 99% used [0x00000000a0000000,0x00000000a71efc30,0x00000000a7200000)
 Metaspace       used 74935K, capacity 78224K, committed 78336K, reserved 1118208K
  class space    used 9509K, capacity 10182K, committed 10240K, reserved 1048576K
Event: 824.951 GC heap after
Heap after GC invocations=27 (full 8):
 PSYoungGen      total 329728K, used 40008K [0x00000000e0000000, 0x00000000fdd00000, 0x0000000100000000)
  eden space 288256K, 13% used [0x00000000e0000000,0x00000000e27121d8,0x00000000f1980000)
  from space 41472K, 0% used [0x00000000f1980000,0x00000000f1980000,0x00000000f4200000)
  to   space 58368K, 0% used [0x00000000fa400000,0x00000000fa400000,0x00000000fdd00000)
 ParOldGen       total 116736K, used 116678K [0x00000000a0000000, 0x00000000a7200000, 0x00000000e0000000)
  object space 116736K, 99% used [0x00000000a0000000,0x00000000a71f18f8,0x00000000a7200000)
 Metaspace       used 74935K, capacity 78224K, committed 78336K, reserved 1118208K
  class space    used 9509K, capacity 10182K, committed 10240K, reserved 1048576K
}
Event: 825.978 GC heap before
{Heap before GC invocations=28 (full 9):
 PSYoungGen      total 329728K, used 288256K [0x00000000e0000000, 0x00000000fdd00000, 0x0000000100000000)
  eden space 288256K, 100% used [0x00000000e0000000,0x00000000f1980000,0x00000000f1980000)
  from space 41472K, 0% used [0x00000000f1980000,0x00000000f1980000,0x00000000f4200000)
  to   space 58368K, 0% used [0x00000000fa400000,0x00000000fa400000,0x00000000fdd00000)
 ParOldGen       total 116736K, used 116678K [0x00000000a0000000, 0x00000000a7200000, 0x00000000e0000000)
  object space 116736K, 99% used [0x00000000a0000000,0x00000000a71f18f8,0x00000000a7200000)
 Metaspace       used 74966K, capacity 78288K, committed 78592K, reserved 1118208K
  class space    used 9509K, capacity 10182K, committed 10240K, reserved 1048576K
Event: 826.544 GC heap after
Heap after GC invocations=28 (full 9):
 PSYoungGen      total 329728K, used 0K [0x00000000e0000000, 0x00000000fdd00000, 0x0000000100000000)
  eden space 288256K, 0% used [0x00000000e0000000,0x00000000e0000000,0x00000000f1980000)
  from space 41472K, 0% used [0x00000000f1980000,0x00000000f1980000,0x00000000f4200000)
  to   space 58368K, 0% used [0x00000000fa400000,0x00000000fa400000,0x00000000fdd00000)
 ParOldGen       total 116736K, used 112438K [0x00000000a0000000, 0x00000000a7200000, 0x00000000e0000000)
  object space 116736K, 96% used [0x00000000a0000000,0x00000000a6dcdae0,0x00000000a7200000)
 Metaspace       used 74966K, capacity 78288K, committed 78592K, reserved 1118208K
  class space    used 9509K, capacity 10182K, committed 10240K, reserved 1048576K
}
Event: 827.697 GC heap before
{Heap before GC invocations=29 (full 10):
 PSYoungGen      total 329728K, used 288256K [0x00000000e0000000, 0x00000000fdd00000, 0x0000000100000000)
  eden space 288256K, 100% used [0x00000000e0000000,0x00000000f1980000,0x00000000f1980000)
  from space 41472K, 0% used [0x00000000f1980000,0x00000000f1980000,0x00000000f4200000)
  to   space 58368K, 0% used [0x00000000fa400000,0x00000000fa400000,0x00000000fdd00000)
 ParOldGen       total 116736K, used 112438K [0x00000000a0000000, 0x00000000a7200000, 0x00000000e0000000)
  object space 116736K, 96% used [0x00000000a0000000,0x00000000a6dcdae0,0x00000000a7200000)
 Metaspace       used 74980K, capacity 78288K, committed 78592K, reserved 1118208K
  class space    used 9509K, capacity 10182K, committed 10240K, reserved 1048576K
Event: 828.229 GC heap after
Heap after GC invocations=29 (full 10):
 PSYoungGen      total 329728K, used 0K [0x00000000e0000000, 0x00000000fdd00000, 0x0000000100000000)
  eden space 288256K, 0% used [0x00000000e0000000,0x00000000e0000000,0x00000000f1980000)
  from space 41472K, 0% used [0x00000000f1980000,0x00000000f1980000,0x00000000f4200000)
  to   space 58368K, 0% used [0x00000000fa400000,0x00000000fa400000,0x00000000fdd00000)
 ParOldGen       total 116736K, used 116166K [0x00000000a0000000, 0x00000000a7200000, 0x00000000e0000000)
  object space 116736K, 99% used [0x00000000a0000000,0x00000000a7171828,0x00000000a7200000)
 Metaspace       used 74980K, capacity 78288K, committed 78592K, reserved 1118208K
  class space    used 9509K, capacity 10182K, committed 10240K, reserved 1048576K
}

